{
  "RSpec": {
    "coverage": {
      "/Users/dev/tolq-api/app/controllers/glossaries_controller.rb": {
        "lines": [
          null,
          null,
          1,
          1,
          null,
          1,
          4,
          1,
          null,
          null,
          3,
          null,
          null,
          1,
          2,
          null,
          null,
          1,
          3,
          null,
          null,
          1,
          null,
          1,
          6,
          null,
          null,
          1,
          3,
          null,
          null,
          1,
          3,
          null,
          null,
          null
        ]
      },
      "/Users/dev/tolq-api/app/controllers/application_controller.rb": {
        "lines": [
          null,
          null,
          1,
          1,
          null,
          1,
          7,
          5,
          null,
          2,
          null,
          null,
          null,
          1,
          1,
          null,
          null,
          1,
          12,
          null,
          null,
          1,
          2,
          null,
          null,
          1,
          4,
          null,
          null
        ]
      },
      "/Users/dev/tolq-api/app/controllers/terms_controller.rb": {
        "lines": [
          null,
          null,
          1,
          1,
          null,
          1,
          5,
          null,
          3,
          null,
          null,
          1,
          null,
          1,
          5,
          null,
          null,
          1,
          3,
          null,
          null
        ]
      },
      "/Users/dev/tolq-api/app/controllers/translations_controller.rb": {
        "lines": [
          null,
          null,
          1,
          1,
          1,
          null,
          1,
          2,
          1,
          null,
          null,
          1,
          null,
          null,
          1,
          2,
          1,
          1,
          null,
          null,
          2,
          null,
          null,
          1,
          null,
          1,
          2,
          null,
          null,
          1,
          2,
          null,
          null,
          1,
          2,
          null,
          null,
          1,
          1,
          null,
          null,
          null,
          null
        ]
      },
      "/Users/dev/tolq-api/app/models/glossary.rb": {
        "lines": [
          null,
          null,
          1,
          1,
          1,
          1,
          1,
          null,
          1,
          null,
          null,
          null
        ]
      },
      "/Users/dev/tolq-api/app/models/application_record.rb": {
        "lines": [
          null,
          null,
          1,
          1,
          null
        ]
      },
      "/Users/dev/tolq-api/app/models/language_code.rb": {
        "lines": [
          null,
          null,
          1,
          1,
          1,
          null
        ]
      },
      "/Users/dev/tolq-api/app/models/term.rb": {
        "lines": [
          null,
          null,
          1,
          1,
          null,
          1,
          1,
          null
        ]
      },
      "/Users/dev/tolq-api/app/models/translation.rb": {
        "lines": [
          null,
          null,
          1,
          1,
          1,
          1,
          null,
          1,
          12,
          null,
          1,
          null,
          1,
          4,
          2,
          null,
          null,
          null
        ]
      },
      "/Users/dev/tolq-api/app/serializers/glossary_serializer.rb": {
        "lines": [
          null,
          null,
          1,
          1,
          1,
          null
        ]
      },
      "/Users/dev/tolq-api/app/serializers/term_serializer.rb": {
        "lines": [
          null,
          null,
          1,
          1,
          null
        ]
      }
    },
    "timestamp": 1679400524
  }
}
